<?xml version="1.0" encoding="UTF-8"?>
<testng-results skipped="0" failed="1" total="2" passed="1">
  <reporter-output>
  </reporter-output>
  <suite name="Default suite" duration-ms="52388" started-at="2019-08-26T14:43:16Z" finished-at="2019-08-26T14:44:09Z">
    <groups>
    </groups>
    <test name="Default test" duration-ms="52388" started-at="2019-08-26T14:43:16Z" finished-at="2019-08-26T14:44:09Z">
      <class name="test.Prueba">
        <test-method status="PASS" signature="setup()[pri:0, instance:test.Prueba@2133c8f8]" name="setup" is-config="true" duration-ms="15531" started-at="2019-08-26T11:43:16Z" finished-at="2019-08-26T11:43:32Z">
          <reporter-output>
          </reporter-output>
        </test-method> <!-- setup -->
        <test-method status="FAIL" signature="pruebaDos()[pri:0, instance:test.Prueba@2133c8f8]" name="pruebaDos" duration-ms="12721" started-at="2019-08-26T11:43:32Z" finished-at="2019-08-26T11:43:45Z">
          <exception class="java.lang.NullPointerException">
            <full-stacktrace>
              <![CDATA[java.lang.NullPointerException
	at pages.PageReservation.assertPage(PageReservation.java:15)
	at test.Prueba.pruebaDos(Prueba.java:49)
	at sun.reflect.NativeMethodAccessorImpl.invoke0(Native Method)
	at sun.reflect.NativeMethodAccessorImpl.invoke(Unknown Source)
	at sun.reflect.DelegatingMethodAccessorImpl.invoke(Unknown Source)
	at java.lang.reflect.Method.invoke(Unknown Source)
	at org.testng.internal.MethodInvocationHelper.invokeMethod(MethodInvocationHelper.java:86)
	at org.testng.internal.Invoker.invokeMethod(Invoker.java:645)
	at org.testng.internal.Invoker.invokeTestMethod(Invoker.java:822)
	at org.testng.internal.Invoker.invokeTestMethods(Invoker.java:1130)
	at org.testng.internal.TestMethodWorker.invokeTestMethods(TestMethodWorker.java:129)
	at org.testng.internal.TestMethodWorker.run(TestMethodWorker.java:112)
	at org.testng.TestRunner.privateRun(TestRunner.java:782)
	at org.testng.TestRunner.run(TestRunner.java:632)
	at org.testng.SuiteRunner.runTest(SuiteRunner.java:366)
	at org.testng.SuiteRunner.runSequentially(SuiteRunner.java:361)
	at org.testng.SuiteRunner.privateRun(SuiteRunner.java:319)
	at org.testng.SuiteRunner.run(SuiteRunner.java:268)
	at org.testng.SuiteRunnerWorker.runSuite(SuiteRunnerWorker.java:52)
	at org.testng.SuiteRunnerWorker.run(SuiteRunnerWorker.java:86)
	at org.testng.TestNG.runSuitesSequentially(TestNG.java:1244)
	at org.testng.TestNG.runSuitesLocally(TestNG.java:1169)
	at org.testng.TestNG.run(TestNG.java:1064)
	at org.testng.remote.RemoteTestNG.run(RemoteTestNG.java:113)
	at org.testng.remote.RemoteTestNG.initAndRun(RemoteTestNG.java:206)
	at org.testng.remote.RemoteTestNG.main(RemoteTestNG.java:177)
]]>
            </full-stacktrace>
          </exception> <!-- java.lang.NullPointerException -->
          <reporter-output>
          </reporter-output>
        </test-method> <!-- pruebaDos -->
        <test-method status="PASS" signature="tearDown()[pri:0, instance:test.Prueba@2133c8f8]" name="tearDown" is-config="true" duration-ms="2321" started-at="2019-08-26T11:43:45Z" finished-at="2019-08-26T11:43:47Z">
          <reporter-output>
          </reporter-output>
        </test-method> <!-- tearDown -->
        <test-method status="PASS" signature="setup()[pri:0, instance:test.Prueba@2133c8f8]" name="setup" is-config="true" duration-ms="10364" started-at="2019-08-26T11:43:47Z" finished-at="2019-08-26T11:43:58Z">
          <reporter-output>
          </reporter-output>
        </test-method> <!-- setup -->
        <test-method status="PASS" signature="pruebaUno()[pri:0, instance:test.Prueba@2133c8f8]" name="pruebaUno" duration-ms="10768" started-at="2019-08-26T11:43:58Z" finished-at="2019-08-26T11:44:09Z">
          <reporter-output>
          </reporter-output>
        </test-method> <!-- pruebaUno -->
        <test-method status="PASS" signature="tearDown()[pri:0, instance:test.Prueba@2133c8f8]" name="tearDown" is-config="true" duration-ms="215" started-at="2019-08-26T11:44:09Z" finished-at="2019-08-26T11:44:09Z">
          <reporter-output>
          </reporter-output>
        </test-method> <!-- tearDown -->
      </class> <!-- test.Prueba -->
    </test> <!-- Default test -->
  </suite> <!-- Default suite -->
</testng-results>
